Added Component: Designator=C1(CAPC0805(2012)75_M)
Add component. Clean all parameters for all variants
Add component (AddParameter): Name = "Case-EIA"; Value = "0805"; VariantName = "[No Variations]"
Add component (AddParameter): Name = "Case-Metric"; Value = "2012"; VariantName = "[No Variations]"
Add component (AddParameter): Name = "Max Thickness"; Value = "0.75 mm"; VariantName = "[No Variations]"
Add component (AddParameter): Name = "Rated Voltage"; Value = "50 V"; VariantName = "[No Variations]"
Add component (AddParameter): Name = "Technology"; Value = "SMT"; VariantName = "[No Variations]"
Add component (AddParameter): Name = "Tolerance"; Value = "±0.1pF"; VariantName = "[No Variations]"
Add component (AddParameter): Name = "Value"; Value = "0.5pF"; VariantName = "[No Variations]"
Added Component: Designator=C2(CAPC0805(2012)75_M)
Add component. Clean all parameters for all variants
Add component (AddParameter): Name = "Case-EIA"; Value = "0805"; VariantName = "[No Variations]"
Add component (AddParameter): Name = "Case-Metric"; Value = "2012"; VariantName = "[No Variations]"
Add component (AddParameter): Name = "Max Thickness"; Value = "0.75 mm"; VariantName = "[No Variations]"
Add component (AddParameter): Name = "Rated Voltage"; Value = "50 V"; VariantName = "[No Variations]"
Add component (AddParameter): Name = "Technology"; Value = "SMT"; VariantName = "[No Variations]"
Add component (AddParameter): Name = "Tolerance"; Value = "±0.1pF"; VariantName = "[No Variations]"
Add component (AddParameter): Name = "Value"; Value = "0.5pF"; VariantName = "[No Variations]"
Added Component: Designator=C3(CAPC0805(2012)75_M)
Add component. Clean all parameters for all variants
Add component (AddParameter): Name = "Case-EIA"; Value = "0805"; VariantName = "[No Variations]"
Add component (AddParameter): Name = "Case-Metric"; Value = "2012"; VariantName = "[No Variations]"
Add component (AddParameter): Name = "Max Thickness"; Value = "0.75 mm"; VariantName = "[No Variations]"
Add component (AddParameter): Name = "Rated Voltage"; Value = "50 V"; VariantName = "[No Variations]"
Add component (AddParameter): Name = "Technology"; Value = "SMT"; VariantName = "[No Variations]"
Add component (AddParameter): Name = "Tolerance"; Value = "±0.1pF"; VariantName = "[No Variations]"
Add component (AddParameter): Name = "Value"; Value = "0.5pF"; VariantName = "[No Variations]"
Added Component: Designator=C4(CAPC0805(2012)75_M)
Add component. Clean all parameters for all variants
Add component (AddParameter): Name = "Case-EIA"; Value = "0805"; VariantName = "[No Variations]"
Add component (AddParameter): Name = "Case-Metric"; Value = "2012"; VariantName = "[No Variations]"
Add component (AddParameter): Name = "Max Thickness"; Value = "0.75 mm"; VariantName = "[No Variations]"
Add component (AddParameter): Name = "Rated Voltage"; Value = "50 V"; VariantName = "[No Variations]"
Add component (AddParameter): Name = "Technology"; Value = "SMT"; VariantName = "[No Variations]"
Add component (AddParameter): Name = "Tolerance"; Value = "±0.1pF"; VariantName = "[No Variations]"
Add component (AddParameter): Name = "Value"; Value = "0.5pF"; VariantName = "[No Variations]"
Added Component: Designator=C5(CAPC0805(2012)75_M)
Add component. Clean all parameters for all variants
Add component (AddParameter): Name = "Case-EIA"; Value = "0805"; VariantName = "[No Variations]"
Add component (AddParameter): Name = "Case-Metric"; Value = "2012"; VariantName = "[No Variations]"
Add component (AddParameter): Name = "Max Thickness"; Value = "0.75 mm"; VariantName = "[No Variations]"
Add component (AddParameter): Name = "Rated Voltage"; Value = "50 V"; VariantName = "[No Variations]"
Add component (AddParameter): Name = "Technology"; Value = "SMT"; VariantName = "[No Variations]"
Add component (AddParameter): Name = "Tolerance"; Value = "±0.1pF"; VariantName = "[No Variations]"
Add component (AddParameter): Name = "Value"; Value = "0.5pF"; VariantName = "[No Variations]"
Added Component: Designator=C6(CAPC0805(2012)75_M)
Add component. Clean all parameters for all variants
Add component (AddParameter): Name = "Case-EIA"; Value = "0805"; VariantName = "[No Variations]"
Add component (AddParameter): Name = "Case-Metric"; Value = "2012"; VariantName = "[No Variations]"
Add component (AddParameter): Name = "Max Thickness"; Value = "0.75 mm"; VariantName = "[No Variations]"
Add component (AddParameter): Name = "Rated Voltage"; Value = "50 V"; VariantName = "[No Variations]"
Add component (AddParameter): Name = "Technology"; Value = "SMT"; VariantName = "[No Variations]"
Add component (AddParameter): Name = "Tolerance"; Value = "±0.1pF"; VariantName = "[No Variations]"
Add component (AddParameter): Name = "Value"; Value = "0.5pF"; VariantName = "[No Variations]"
Added Component: Designator=C7(CAPC0805(2012)75_M)
Add component. Clean all parameters for all variants
Add component (AddParameter): Name = "Case-EIA"; Value = "0805"; VariantName = "[No Variations]"
Add component (AddParameter): Name = "Case-Metric"; Value = "2012"; VariantName = "[No Variations]"
Add component (AddParameter): Name = "Max Thickness"; Value = "0.75 mm"; VariantName = "[No Variations]"
Add component (AddParameter): Name = "Rated Voltage"; Value = "50 V"; VariantName = "[No Variations]"
Add component (AddParameter): Name = "Technology"; Value = "SMT"; VariantName = "[No Variations]"
Add component (AddParameter): Name = "Tolerance"; Value = "±0.1pF"; VariantName = "[No Variations]"
Add component (AddParameter): Name = "Value"; Value = "0.5pF"; VariantName = "[No Variations]"
Added Component: Designator=C8(CAPC0805(2012)75_M)
Add component. Clean all parameters for all variants
Add component (AddParameter): Name = "Case-EIA"; Value = "0805"; VariantName = "[No Variations]"
Add component (AddParameter): Name = "Case-Metric"; Value = "2012"; VariantName = "[No Variations]"
Add component (AddParameter): Name = "Max Thickness"; Value = "0.75 mm"; VariantName = "[No Variations]"
Add component (AddParameter): Name = "Rated Voltage"; Value = "50 V"; VariantName = "[No Variations]"
Add component (AddParameter): Name = "Technology"; Value = "SMT"; VariantName = "[No Variations]"
Add component (AddParameter): Name = "Tolerance"; Value = "±0.1pF"; VariantName = "[No Variations]"
Add component (AddParameter): Name = "Value"; Value = "0.5pF"; VariantName = "[No Variations]"
Added Component: Designator=C9(CAPC0805(2012)75_M)
Add component. Clean all parameters for all variants
Add component (AddParameter): Name = "Case-EIA"; Value = "0805"; VariantName = "[No Variations]"
Add component (AddParameter): Name = "Case-Metric"; Value = "2012"; VariantName = "[No Variations]"
Add component (AddParameter): Name = "Max Thickness"; Value = "0.75 mm"; VariantName = "[No Variations]"
Add component (AddParameter): Name = "Rated Voltage"; Value = "50 V"; VariantName = "[No Variations]"
Add component (AddParameter): Name = "Technology"; Value = "SMT"; VariantName = "[No Variations]"
Add component (AddParameter): Name = "Tolerance"; Value = "±0.1pF"; VariantName = "[No Variations]"
Add component (AddParameter): Name = "Value"; Value = "0.5pF"; VariantName = "[No Variations]"
Added Component: Designator=D4(DIOD-S1M-13-F-SMA-2_V)
Add component. Clean all parameters for all variants
Add component (AddParameter): Name = "ComponentLink1Description"; Value = "Manufacturer URL"; VariantName = "[No Variations]"
Add component (AddParameter): Name = "ComponentLink1URL"; Value = "http://www.diodes.com/"; VariantName = "[No Variations]"
Add component (AddParameter): Name = "ComponentLink2Description"; Value = "Datasheet"; VariantName = "[No Variations]"
Add component (AddParameter): Name = "ComponentLink2URL"; Value = "http://diodes.com/datasheets/ds16003.pdf"; VariantName = "[No Variations]"
Add component (AddParameter): Name = "ComponentLink3Description"; Value = "Package Specification"; VariantName = "[No Variations]"
Add component (AddParameter): Name = "ComponentLink3URL"; Value = "http://diodes.com/datasheets/ds16003.pdf"; VariantName = "[No Variations]"
Add component (AddParameter): Name = "DatasheetVersion"; Value = "Rev. 22 - 2"; VariantName = "[No Variations]"
Add component (AddParameter): Name = "Forward Voltage Drop VF (V)"; Value = "1.1"; VariantName = "[No Variations]"
Add component (AddParameter): Name = "Manufacturer"; Value = "Diodes Inc"; VariantName = "[No Variations]"
Add component (AddParameter): Name = "Maximum Average Rectified Current IO (A)"; Value = "1"; VariantName = "[No Variations]"
Add component (AddParameter): Name = "Maximum Peak Forward Surge Current IFSM (A)"; Value = "30"; VariantName = "[No Variations]"
Add component (AddParameter): Name = "Maximum Reverse Current IR (uA)"; Value = "5"; VariantName = "[No Variations]"
Add component (AddParameter): Name = "Mounting Technology"; Value = "Surface Mount"; VariantName = "[No Variations]"
Add component (AddParameter): Name = "Operating Temperature Range"; Value = "-65 to 150 degC"; VariantName = "[No Variations]"
Add component (AddParameter): Name = "PackageDescription"; Value = "2-Pin SMD, Body 4.3 x 2.605 mm, Height 2.3 mm"; VariantName = "[No Variations]"
Add component (AddParameter): Name = "PackageReference"; Value = "S1M-13-F-SMA-2"; VariantName = "[No Variations]"
Add component (AddParameter): Name = "PackageVersion"; Value = "Rev. 22 - 2"; VariantName = "[No Variations]"
Add component (AddParameter): Name = "Packing"; Value = "Tape and Reel"; VariantName = "[No Variations]"
Add component (AddParameter): Name = "PartNumber"; Value = "S1M-13-F"; VariantName = "[No Variations]"
Add component (AddParameter): Name = "Peak Repetitive Reverse Voltage VRRM (V)"; Value = "1000"; VariantName = "[No Variations]"
Add component (AddParameter): Name = "RoHS"; Value = "TRUE"; VariantName = "[No Variations]"
Add component (AddParameter): Name = "Total Capacitance CT (pF)"; Value = "10"; VariantName = "[No Variations]"
Added Component: Designator=Q1(MLTC-TO-18-3)
Add component. Clean all parameters for all variants
Add component (AddParameter): Name = "Collector Emitter Voltage V(br)ceo"; Value = "30V"; VariantName = "[No Variations]"
Add component (AddParameter): Name = "Collector Emitter Voltage Vces"; Value = "400mV"; VariantName = "[No Variations]"
Add component (AddParameter): Name = "Continuous Collector Current Ic Max"; Value = "800mA"; VariantName = "[No Variations]"
Add component (AddParameter): Name = "Current Ic @ Vce Sat"; Value = "150mA"; VariantName = "[No Variations]"
Add component (AddParameter): Name = "Current Ic Continuous a Max"; Value = "800mA"; VariantName = "[No Variations]"
Add component (AddParameter): Name = "Current Ic hFE"; Value = "150mA"; VariantName = "[No Variations]"
Add component (AddParameter): Name = "Datasheet URL"; Value = "http://www.farnell.com/datasheets/1662272.pdf"; VariantName = "[No Variations]"
Add component (AddParameter): Name = "Datasheet Version"; Value = "Rev. 1.1, 05/2012"; VariantName = "[No Variations]"
Add component (AddParameter): Name = "DC Collector Current"; Value = "800mA"; VariantName = "[No Variations]"
Add component (AddParameter): Name = "DC Current Gain hFE"; Value = "100"; VariantName = "[No Variations]"
Add component (AddParameter): Name = "Full Power Rating Temperature"; Value = "25degC"; VariantName = "[No Variations]"
Add component (AddParameter): Name = "Gain Bandwidth ft Min"; Value = "250MHz"; VariantName = "[No Variations]"
Add component (AddParameter): Name = "Gain Bandwidth ft Typ"; Value = "250MHz"; VariantName = "[No Variations]"
Add component (AddParameter): Name = "Hfe Min"; Value = "100"; VariantName = "[No Variations]"
Add component (AddParameter): Name = "Manufacturer"; Value = "Multicomp"; VariantName = "[No Variations]"
Add component (AddParameter): Name = "Manufacturer URL"; Value = "http://uk.farnell.com/b/multicomp"; VariantName = "[No Variations]"
Add component (AddParameter): Name = "No. of Pins"; Value = "3"; VariantName = "[No Variations]"
Add component (AddParameter): Name = "No. of Transistors"; Value = "1"; VariantName = "[No Variations]"
Add component (AddParameter): Name = "Package / Case"; Value = "TO-18"; VariantName = "[No Variations]"
Add component (AddParameter): Name = "Package Description"; Value = "3-Pin Transistor Outline Package (TO-18), Dia 5.54 mm, Pitch Pitch 1.485mm"; VariantName = "[No Variations]"
Add component (AddParameter): Name = "Package Reference"; Value = "TO-18-3"; VariantName = "[No Variations]"
Add component (AddParameter): Name = "Pin Configuration"; Value = "a"; VariantName = "[No Variations]"
Add component (AddParameter): Name = "Power Dissipation Pd"; Value = "500mW"; VariantName = "[No Variations]"
Add component (AddParameter): Name = "Power Dissipation Ptot Max"; Value = "500mW"; VariantName = "[No Variations]"
Add component (AddParameter): Name = "SVHC"; Value = "NoSVHC(19-Dec-2012)"; VariantName = "[No Variations]"
Add component (AddParameter): Name = "Transistor Case Style"; Value = "TO-18"; VariantName = "[No Variations]"
Add component (AddParameter): Name = "Transistor Polarity"; Value = "NPN"; VariantName = "[No Variations]"
Add component (AddParameter): Name = "Voltage Vcbo"; Value = "60V"; VariantName = "[No Variations]"
Added Component: Designator=Q2(MLTC-TO-18-3)
Add component. Clean all parameters for all variants
Add component (AddParameter): Name = "Collector Emitter Voltage V(br)ceo"; Value = "30V"; VariantName = "[No Variations]"
Add component (AddParameter): Name = "Collector Emitter Voltage Vces"; Value = "400mV"; VariantName = "[No Variations]"
Add component (AddParameter): Name = "Continuous Collector Current Ic Max"; Value = "800mA"; VariantName = "[No Variations]"
Add component (AddParameter): Name = "Current Ic @ Vce Sat"; Value = "150mA"; VariantName = "[No Variations]"
Add component (AddParameter): Name = "Current Ic Continuous a Max"; Value = "800mA"; VariantName = "[No Variations]"
Add component (AddParameter): Name = "Current Ic hFE"; Value = "150mA"; VariantName = "[No Variations]"
Add component (AddParameter): Name = "Datasheet URL"; Value = "http://www.farnell.com/datasheets/1662272.pdf"; VariantName = "[No Variations]"
Add component (AddParameter): Name = "Datasheet Version"; Value = "Rev. 1.1, 05/2012"; VariantName = "[No Variations]"
Add component (AddParameter): Name = "DC Collector Current"; Value = "800mA"; VariantName = "[No Variations]"
Add component (AddParameter): Name = "DC Current Gain hFE"; Value = "100"; VariantName = "[No Variations]"
Add component (AddParameter): Name = "Full Power Rating Temperature"; Value = "25degC"; VariantName = "[No Variations]"
Add component (AddParameter): Name = "Gain Bandwidth ft Min"; Value = "250MHz"; VariantName = "[No Variations]"
Add component (AddParameter): Name = "Gain Bandwidth ft Typ"; Value = "250MHz"; VariantName = "[No Variations]"
Add component (AddParameter): Name = "Hfe Min"; Value = "100"; VariantName = "[No Variations]"
Add component (AddParameter): Name = "Manufacturer"; Value = "Multicomp"; VariantName = "[No Variations]"
Add component (AddParameter): Name = "Manufacturer URL"; Value = "http://uk.farnell.com/b/multicomp"; VariantName = "[No Variations]"
Add component (AddParameter): Name = "No. of Pins"; Value = "3"; VariantName = "[No Variations]"
Add component (AddParameter): Name = "No. of Transistors"; Value = "1"; VariantName = "[No Variations]"
Add component (AddParameter): Name = "Package / Case"; Value = "TO-18"; VariantName = "[No Variations]"
Add component (AddParameter): Name = "Package Description"; Value = "3-Pin Transistor Outline Package (TO-18), Dia 5.54 mm, Pitch Pitch 1.485mm"; VariantName = "[No Variations]"
Add component (AddParameter): Name = "Package Reference"; Value = "TO-18-3"; VariantName = "[No Variations]"
Add component (AddParameter): Name = "Pin Configuration"; Value = "a"; VariantName = "[No Variations]"
Add component (AddParameter): Name = "Power Dissipation Pd"; Value = "500mW"; VariantName = "[No Variations]"
Add component (AddParameter): Name = "Power Dissipation Ptot Max"; Value = "500mW"; VariantName = "[No Variations]"
Add component (AddParameter): Name = "SVHC"; Value = "NoSVHC(19-Dec-2012)"; VariantName = "[No Variations]"
Add component (AddParameter): Name = "Transistor Case Style"; Value = "TO-18"; VariantName = "[No Variations]"
Add component (AddParameter): Name = "Transistor Polarity"; Value = "NPN"; VariantName = "[No Variations]"
Add component (AddParameter): Name = "Voltage Vcbo"; Value = "60V"; VariantName = "[No Variations]"
Added Component: Designator=Q4(MLTC-TO-18-3)
Add component. Clean all parameters for all variants
Add component (AddParameter): Name = "Collector Emitter Voltage V(br)ceo"; Value = "30V"; VariantName = "[No Variations]"
Add component (AddParameter): Name = "Collector Emitter Voltage Vces"; Value = "400mV"; VariantName = "[No Variations]"
Add component (AddParameter): Name = "Continuous Collector Current Ic Max"; Value = "800mA"; VariantName = "[No Variations]"
Add component (AddParameter): Name = "Current Ic @ Vce Sat"; Value = "150mA"; VariantName = "[No Variations]"
Add component (AddParameter): Name = "Current Ic Continuous a Max"; Value = "800mA"; VariantName = "[No Variations]"
Add component (AddParameter): Name = "Current Ic hFE"; Value = "150mA"; VariantName = "[No Variations]"
Add component (AddParameter): Name = "Datasheet URL"; Value = "http://www.farnell.com/datasheets/1662272.pdf"; VariantName = "[No Variations]"
Add component (AddParameter): Name = "Datasheet Version"; Value = "Rev. 1.1, 05/2012"; VariantName = "[No Variations]"
Add component (AddParameter): Name = "DC Collector Current"; Value = "800mA"; VariantName = "[No Variations]"
Add component (AddParameter): Name = "DC Current Gain hFE"; Value = "100"; VariantName = "[No Variations]"
Add component (AddParameter): Name = "Full Power Rating Temperature"; Value = "25degC"; VariantName = "[No Variations]"
Add component (AddParameter): Name = "Gain Bandwidth ft Min"; Value = "250MHz"; VariantName = "[No Variations]"
Add component (AddParameter): Name = "Gain Bandwidth ft Typ"; Value = "250MHz"; VariantName = "[No Variations]"
Add component (AddParameter): Name = "Hfe Min"; Value = "100"; VariantName = "[No Variations]"
Add component (AddParameter): Name = "Manufacturer"; Value = "Multicomp"; VariantName = "[No Variations]"
Add component (AddParameter): Name = "Manufacturer URL"; Value = "http://uk.farnell.com/b/multicomp"; VariantName = "[No Variations]"
Add component (AddParameter): Name = "No. of Pins"; Value = "3"; VariantName = "[No Variations]"
Add component (AddParameter): Name = "No. of Transistors"; Value = "1"; VariantName = "[No Variations]"
Add component (AddParameter): Name = "Package / Case"; Value = "TO-18"; VariantName = "[No Variations]"
Add component (AddParameter): Name = "Package Description"; Value = "3-Pin Transistor Outline Package (TO-18), Dia 5.54 mm, Pitch Pitch 1.485mm"; VariantName = "[No Variations]"
Add component (AddParameter): Name = "Package Reference"; Value = "TO-18-3"; VariantName = "[No Variations]"
Add component (AddParameter): Name = "Pin Configuration"; Value = "a"; VariantName = "[No Variations]"
Add component (AddParameter): Name = "Power Dissipation Pd"; Value = "500mW"; VariantName = "[No Variations]"
Add component (AddParameter): Name = "Power Dissipation Ptot Max"; Value = "500mW"; VariantName = "[No Variations]"
Add component (AddParameter): Name = "SVHC"; Value = "NoSVHC(19-Dec-2012)"; VariantName = "[No Variations]"
Add component (AddParameter): Name = "Transistor Case Style"; Value = "TO-18"; VariantName = "[No Variations]"
Add component (AddParameter): Name = "Transistor Polarity"; Value = "NPN"; VariantName = "[No Variations]"
Add component (AddParameter): Name = "Voltage Vcbo"; Value = "60V"; VariantName = "[No Variations]"
Added Component: Designator=R1(RESC0805(2012)_M)
Add component. Clean all parameters for all variants
Add component (AddParameter): Name = "Case-EIA"; Value = "0805"; VariantName = "[No Variations]"
Add component (AddParameter): Name = "Case-Metric"; Value = "2012"; VariantName = "[No Variations]"
Add component (AddParameter): Name = "Power"; Value = "0.125 W"; VariantName = "[No Variations]"
Add component (AddParameter): Name = "Technology"; Value = "SMT"; VariantName = "[No Variations]"
Add component (AddParameter): Name = "Tolerance"; Value = "5 %"; VariantName = "[No Variations]"
Add component (AddParameter): Name = "Value"; Value = "4.30 Ohm"; VariantName = "[No Variations]"
Added Component: Designator=R2(RESC0805(2012)_M)
Add component. Clean all parameters for all variants
Add component (AddParameter): Name = "Case-EIA"; Value = "0805"; VariantName = "[No Variations]"
Add component (AddParameter): Name = "Case-Metric"; Value = "2012"; VariantName = "[No Variations]"
Add component (AddParameter): Name = "Power"; Value = "0.125 W"; VariantName = "[No Variations]"
Add component (AddParameter): Name = "Technology"; Value = "SMT"; VariantName = "[No Variations]"
Add component (AddParameter): Name = "Tolerance"; Value = "5 %"; VariantName = "[No Variations]"
Add component (AddParameter): Name = "Value"; Value = "4.30 Ohm"; VariantName = "[No Variations]"
Added Component: Designator=R3(RESC0805(2012)_M)
Add component. Clean all parameters for all variants
Add component (AddParameter): Name = "Case-EIA"; Value = "0805"; VariantName = "[No Variations]"
Add component (AddParameter): Name = "Case-Metric"; Value = "2012"; VariantName = "[No Variations]"
Add component (AddParameter): Name = "Power"; Value = "0.125 W"; VariantName = "[No Variations]"
Add component (AddParameter): Name = "Technology"; Value = "SMT"; VariantName = "[No Variations]"
Add component (AddParameter): Name = "Tolerance"; Value = "5 %"; VariantName = "[No Variations]"
Add component (AddParameter): Name = "Value"; Value = "4.30 Ohm"; VariantName = "[No Variations]"
Added Component: Designator=R4(RESC0805(2012)_M)
Add component. Clean all parameters for all variants
Add component (AddParameter): Name = "Case-EIA"; Value = "0805"; VariantName = "[No Variations]"
Add component (AddParameter): Name = "Case-Metric"; Value = "2012"; VariantName = "[No Variations]"
Add component (AddParameter): Name = "Power"; Value = "0.125 W"; VariantName = "[No Variations]"
Add component (AddParameter): Name = "Technology"; Value = "SMT"; VariantName = "[No Variations]"
Add component (AddParameter): Name = "Tolerance"; Value = "5 %"; VariantName = "[No Variations]"
Add component (AddParameter): Name = "Value"; Value = "4.30 Ohm"; VariantName = "[No Variations]"
Added Component: Designator=R5(RESC0805(2012)_M)
Add component. Clean all parameters for all variants
Add component (AddParameter): Name = "Case-EIA"; Value = "0805"; VariantName = "[No Variations]"
Add component (AddParameter): Name = "Case-Metric"; Value = "2012"; VariantName = "[No Variations]"
Add component (AddParameter): Name = "Power"; Value = "0.125 W"; VariantName = "[No Variations]"
Add component (AddParameter): Name = "Technology"; Value = "SMT"; VariantName = "[No Variations]"
Add component (AddParameter): Name = "Tolerance"; Value = "5 %"; VariantName = "[No Variations]"
Add component (AddParameter): Name = "Value"; Value = "4.30 Ohm"; VariantName = "[No Variations]"
Added Component: Designator=R6(RESC0805(2012)_M)
Add component. Clean all parameters for all variants
Add component (AddParameter): Name = "Case-EIA"; Value = "0805"; VariantName = "[No Variations]"
Add component (AddParameter): Name = "Case-Metric"; Value = "2012"; VariantName = "[No Variations]"
Add component (AddParameter): Name = "Power"; Value = "0.125 W"; VariantName = "[No Variations]"
Add component (AddParameter): Name = "Technology"; Value = "SMT"; VariantName = "[No Variations]"
Add component (AddParameter): Name = "Tolerance"; Value = "5 %"; VariantName = "[No Variations]"
Add component (AddParameter): Name = "Value"; Value = "4.30 Ohm"; VariantName = "[No Variations]"
Added Component: Designator=R7(RESC0805(2012)_M)
Add component. Clean all parameters for all variants
Add component (AddParameter): Name = "Case-EIA"; Value = "0805"; VariantName = "[No Variations]"
Add component (AddParameter): Name = "Case-Metric"; Value = "2012"; VariantName = "[No Variations]"
Add component (AddParameter): Name = "Power"; Value = "0.125 W"; VariantName = "[No Variations]"
Add component (AddParameter): Name = "Technology"; Value = "SMT"; VariantName = "[No Variations]"
Add component (AddParameter): Name = "Tolerance"; Value = "5 %"; VariantName = "[No Variations]"
Add component (AddParameter): Name = "Value"; Value = "4.30 Ohm"; VariantName = "[No Variations]"
Added Component: Designator=R8(RESC0805(2012)_M)
Add component. Clean all parameters for all variants
Add component (AddParameter): Name = "Case-EIA"; Value = "0805"; VariantName = "[No Variations]"
Add component (AddParameter): Name = "Case-Metric"; Value = "2012"; VariantName = "[No Variations]"
Add component (AddParameter): Name = "Power"; Value = "0.125 W"; VariantName = "[No Variations]"
Add component (AddParameter): Name = "Technology"; Value = "SMT"; VariantName = "[No Variations]"
Add component (AddParameter): Name = "Tolerance"; Value = "5 %"; VariantName = "[No Variations]"
Add component (AddParameter): Name = "Value"; Value = "4.30 Ohm"; VariantName = "[No Variations]"
Added Component: Designator=R9(RESC0805(2012)_M)
Add component. Clean all parameters for all variants
Add component (AddParameter): Name = "Case-EIA"; Value = "0805"; VariantName = "[No Variations]"
Add component (AddParameter): Name = "Case-Metric"; Value = "2012"; VariantName = "[No Variations]"
Add component (AddParameter): Name = "Power"; Value = "0.125 W"; VariantName = "[No Variations]"
Add component (AddParameter): Name = "Technology"; Value = "SMT"; VariantName = "[No Variations]"
Add component (AddParameter): Name = "Tolerance"; Value = "5 %"; VariantName = "[No Variations]"
Add component (AddParameter): Name = "Value"; Value = "4.30 Ohm"; VariantName = "[No Variations]"
Added Component: Designator=R10(RESC0805(2012)_M)
Add component. Clean all parameters for all variants
Add component (AddParameter): Name = "Case-EIA"; Value = "0805"; VariantName = "[No Variations]"
Add component (AddParameter): Name = "Case-Metric"; Value = "2012"; VariantName = "[No Variations]"
Add component (AddParameter): Name = "Power"; Value = "0.125 W"; VariantName = "[No Variations]"
Add component (AddParameter): Name = "Technology"; Value = "SMT"; VariantName = "[No Variations]"
Add component (AddParameter): Name = "Tolerance"; Value = "5 %"; VariantName = "[No Variations]"
Add component (AddParameter): Name = "Value"; Value = "4.30 Ohm"; VariantName = "[No Variations]"
Added Component: Designator=R11(RESC0805(2012)_M)
Add component. Clean all parameters for all variants
Add component (AddParameter): Name = "Case-EIA"; Value = "0805"; VariantName = "[No Variations]"
Add component (AddParameter): Name = "Case-Metric"; Value = "2012"; VariantName = "[No Variations]"
Add component (AddParameter): Name = "Power"; Value = "0.125 W"; VariantName = "[No Variations]"
Add component (AddParameter): Name = "Technology"; Value = "SMT"; VariantName = "[No Variations]"
Add component (AddParameter): Name = "Tolerance"; Value = "5 %"; VariantName = "[No Variations]"
Add component (AddParameter): Name = "Value"; Value = "4.30 Ohm"; VariantName = "[No Variations]"
Added Component: Designator=R12(RESC0805(2012)_M)
Add component. Clean all parameters for all variants
Add component (AddParameter): Name = "Case-EIA"; Value = "0805"; VariantName = "[No Variations]"
Add component (AddParameter): Name = "Case-Metric"; Value = "2012"; VariantName = "[No Variations]"
Add component (AddParameter): Name = "Power"; Value = "0.125 W"; VariantName = "[No Variations]"
Add component (AddParameter): Name = "Technology"; Value = "SMT"; VariantName = "[No Variations]"
Add component (AddParameter): Name = "Tolerance"; Value = "5 %"; VariantName = "[No Variations]"
Add component (AddParameter): Name = "Value"; Value = "4.30 Ohm"; VariantName = "[No Variations]"
Added Component: Designator=R13(RESC0805(2012)_M)
Add component. Clean all parameters for all variants
Add component (AddParameter): Name = "Case-EIA"; Value = "0805"; VariantName = "[No Variations]"
Add component (AddParameter): Name = "Case-Metric"; Value = "2012"; VariantName = "[No Variations]"
Add component (AddParameter): Name = "Power"; Value = "0.125 W"; VariantName = "[No Variations]"
Add component (AddParameter): Name = "Technology"; Value = "SMT"; VariantName = "[No Variations]"
Add component (AddParameter): Name = "Tolerance"; Value = "5 %"; VariantName = "[No Variations]"
Add component (AddParameter): Name = "Value"; Value = "4.30 Ohm"; VariantName = "[No Variations]"
Added Component: Designator=R14(RESC0805(2012)_M)
Add component. Clean all parameters for all variants
Add component (AddParameter): Name = "Case-EIA"; Value = "0805"; VariantName = "[No Variations]"
Add component (AddParameter): Name = "Case-Metric"; Value = "2012"; VariantName = "[No Variations]"
Add component (AddParameter): Name = "Power"; Value = "0.125 W"; VariantName = "[No Variations]"
Add component (AddParameter): Name = "Technology"; Value = "SMT"; VariantName = "[No Variations]"
Add component (AddParameter): Name = "Tolerance"; Value = "5 %"; VariantName = "[No Variations]"
Add component (AddParameter): Name = "Value"; Value = "4.30 Ohm"; VariantName = "[No Variations]"
Added Component: Designator=R15(RESC0805(2012)_M)
Add component. Clean all parameters for all variants
Add component (AddParameter): Name = "Case-EIA"; Value = "0805"; VariantName = "[No Variations]"
Add component (AddParameter): Name = "Case-Metric"; Value = "2012"; VariantName = "[No Variations]"
Add component (AddParameter): Name = "Power"; Value = "0.125 W"; VariantName = "[No Variations]"
Add component (AddParameter): Name = "Technology"; Value = "SMT"; VariantName = "[No Variations]"
Add component (AddParameter): Name = "Tolerance"; Value = "5 %"; VariantName = "[No Variations]"
Add component (AddParameter): Name = "Value"; Value = "4.30 Ohm"; VariantName = "[No Variations]"
Added Component: Designator=R16(RESC0805(2012)_M)
Add component. Clean all parameters for all variants
Add component (AddParameter): Name = "Case-EIA"; Value = "0805"; VariantName = "[No Variations]"
Add component (AddParameter): Name = "Case-Metric"; Value = "2012"; VariantName = "[No Variations]"
Add component (AddParameter): Name = "Power"; Value = "0.125 W"; VariantName = "[No Variations]"
Add component (AddParameter): Name = "Technology"; Value = "SMT"; VariantName = "[No Variations]"
Add component (AddParameter): Name = "Tolerance"; Value = "5 %"; VariantName = "[No Variations]"
Add component (AddParameter): Name = "Value"; Value = "4.30 Ohm"; VariantName = "[No Variations]"
Added Component: Designator=R17(RESC0805(2012)_M)
Add component. Clean all parameters for all variants
Add component (AddParameter): Name = "Case-EIA"; Value = "0805"; VariantName = "[No Variations]"
Add component (AddParameter): Name = "Case-Metric"; Value = "2012"; VariantName = "[No Variations]"
Add component (AddParameter): Name = "Power"; Value = "0.125 W"; VariantName = "[No Variations]"
Add component (AddParameter): Name = "Technology"; Value = "SMT"; VariantName = "[No Variations]"
Add component (AddParameter): Name = "Tolerance"; Value = "5 %"; VariantName = "[No Variations]"
Add component (AddParameter): Name = "Value"; Value = "4.30 Ohm"; VariantName = "[No Variations]"
Added Component: Designator=R18(RESC0805(2012)_M)
Add component. Clean all parameters for all variants
Add component (AddParameter): Name = "Case-EIA"; Value = "0805"; VariantName = "[No Variations]"
Add component (AddParameter): Name = "Case-Metric"; Value = "2012"; VariantName = "[No Variations]"
Add component (AddParameter): Name = "Power"; Value = "0.125 W"; VariantName = "[No Variations]"
Add component (AddParameter): Name = "Technology"; Value = "SMT"; VariantName = "[No Variations]"
Add component (AddParameter): Name = "Tolerance"; Value = "5 %"; VariantName = "[No Variations]"
Add component (AddParameter): Name = "Value"; Value = "4.30 Ohm"; VariantName = "[No Variations]"
Added Component: Designator=R19(RESC0805(2012)_M)
Add component. Clean all parameters for all variants
Add component (AddParameter): Name = "Case-EIA"; Value = "0805"; VariantName = "[No Variations]"
Add component (AddParameter): Name = "Case-Metric"; Value = "2012"; VariantName = "[No Variations]"
Add component (AddParameter): Name = "Power"; Value = "0.125 W"; VariantName = "[No Variations]"
Add component (AddParameter): Name = "Technology"; Value = "SMT"; VariantName = "[No Variations]"
Add component (AddParameter): Name = "Tolerance"; Value = "5 %"; VariantName = "[No Variations]"
Add component (AddParameter): Name = "Value"; Value = "4.30 Ohm"; VariantName = "[No Variations]"
Added Component: Designator=TP1(TP-TH-C-152-H90)
Add component. Clean all parameters for all variants
Add component (AddParameter): Name = "Manufacturer"; Value = "No Vendor"; VariantName = "[No Variations]"
Add component (AddParameter): Name = "PartNumber"; Value = "TP-TH-C-152-H90"; VariantName = "[No Variations]"
Added Component: Designator=TP2(TP-TH-C-152-H90)
Add component. Clean all parameters for all variants
Add component (AddParameter): Name = "Manufacturer"; Value = "No Vendor"; VariantName = "[No Variations]"
Add component (AddParameter): Name = "PartNumber"; Value = "TP-TH-C-152-H90"; VariantName = "[No Variations]"
Added Component: Designator=TP3(TP-TH-C-152-H90)
Add component. Clean all parameters for all variants
Add component (AddParameter): Name = "Manufacturer"; Value = "No Vendor"; VariantName = "[No Variations]"
Add component (AddParameter): Name = "PartNumber"; Value = "TP-TH-C-152-H90"; VariantName = "[No Variations]"
Added Component: Designator=TP4(TP-TH-C-152-H90)
Add component. Clean all parameters for all variants
Add component (AddParameter): Name = "Manufacturer"; Value = "No Vendor"; VariantName = "[No Variations]"
Add component (AddParameter): Name = "PartNumber"; Value = "TP-TH-C-152-H90"; VariantName = "[No Variations]"
Added Component: Designator=TP5(TP-TH-C-152-H90)
Add component. Clean all parameters for all variants
Add component (AddParameter): Name = "Manufacturer"; Value = "No Vendor"; VariantName = "[No Variations]"
Add component (AddParameter): Name = "PartNumber"; Value = "TP-TH-C-152-H90"; VariantName = "[No Variations]"
Added Component: Designator=TP6(TP-TH-C-152-H90)
Add component. Clean all parameters for all variants
Add component (AddParameter): Name = "Manufacturer"; Value = "No Vendor"; VariantName = "[No Variations]"
Add component (AddParameter): Name = "PartNumber"; Value = "TP-TH-C-152-H90"; VariantName = "[No Variations]"
Added Component: Designator=TP7(TP-TH-C-152-H90)
Add component. Clean all parameters for all variants
Add component (AddParameter): Name = "Manufacturer"; Value = "No Vendor"; VariantName = "[No Variations]"
Add component (AddParameter): Name = "PartNumber"; Value = "TP-TH-C-152-H90"; VariantName = "[No Variations]"
Added Component: Designator=TP8(TP-TH-C-152-H90)
Add component. Clean all parameters for all variants
Add component (AddParameter): Name = "Manufacturer"; Value = "No Vendor"; VariantName = "[No Variations]"
Add component (AddParameter): Name = "PartNumber"; Value = "TP-TH-C-152-H90"; VariantName = "[No Variations]"
Added Component: Designator=TP9(TP-TH-C-152-H90)
Add component. Clean all parameters for all variants
Add component (AddParameter): Name = "Manufacturer"; Value = "No Vendor"; VariantName = "[No Variations]"
Add component (AddParameter): Name = "PartNumber"; Value = "TP-TH-C-152-H90"; VariantName = "[No Variations]"
Added Component: Designator=U1(ADI-Q-8)
Add component. Clean all parameters for all variants
Add component (AddParameter): Name = "Amplifiers Per Package"; Value = "1"; VariantName = "[No Variations]"
Add component (AddParameter): Name = "ComponentLink1Description"; Value = "Manufacturer URL"; VariantName = "[No Variations]"
Add component (AddParameter): Name = "ComponentLink1URL"; Value = "http://www.analog.com/en/index.html"; VariantName = "[No Variations]"
Add component (AddParameter): Name = "ComponentLink2Description"; Value = "Datasheet"; VariantName = "[No Variations]"
Add component (AddParameter): Name = "ComponentLink2URL"; Value = "http://www.analog.com/static/imported-files/data_sheets/AD8001.pdf"; VariantName = "[No Variations]"
Add component (AddParameter): Name = "ComponentLink3Description"; Value = "Package Specification"; VariantName = "[No Variations]"
Add component (AddParameter): Name = "ComponentLink3URL"; Value = "http://www.analog.com/static/imported-files/packages/3925655241313314758Q_8.pdf"; VariantName = "[No Variations]"
Add component (AddParameter): Name = "DatasheetVersion"; Value = "Rev. D"; VariantName = "[No Variations]"
Add component (AddParameter): Name = "Generic Part Number"; Value = "AD8001"; VariantName = "[No Variations]"
Add component (AddParameter): Name = "Input Bias Current"; Value = "3uA"; VariantName = "[No Variations]"
Add component (AddParameter): Name = "Input Offset Voltage"; Value = "2mV"; VariantName = "[No Variations]"
Add component (AddParameter): Name = "Iq/Amp"; Value = "5mA"; VariantName = "[No Variations]"
Add component (AddParameter): Name = "Manufacturer"; Value = "Analog Devices"; VariantName = "[No Variations]"
Add component (AddParameter): Name = "Mounting Technology"; Value = "Through Hole"; VariantName = "[No Variations]"
Add component (AddParameter): Name = "PackageDescription"; Value = "8-Pin Ceramic Dual In-Line Package, Row spacing 7.62 mm, Pitch 2.54 mm"; VariantName = "[No Variations]"
Add component (AddParameter): Name = "PackageReference"; Value = "Q-8"; VariantName = "[No Variations]"
Add component (AddParameter): Name = "PartId"; Value = "1"; VariantName = "[No Variations]"
Add component (AddParameter): Name = "PartNumber"; Value = "5962-9459301MPA"; VariantName = "[No Variations]"
Add component (AddParameter): Name = "Slew Rate"; Value = "1KV/us"; VariantName = "[No Variations]"
Add component (AddParameter): Name = "Small Signal Bandwidth"; Value = "880MHz"; VariantName = "[No Variations]"
Add component (AddParameter): Name = "V Span Max"; Value = "12V"; VariantName = "[No Variations]"
Add component (AddParameter): Name = "V Span Min"; Value = "6V"; VariantName = "[No Variations]"
Added Component: Designator=U2(ADI-Q-8)
Add component. Clean all parameters for all variants
Add component (AddParameter): Name = "Amplifiers Per Package"; Value = "1"; VariantName = "[No Variations]"
Add component (AddParameter): Name = "ComponentLink1Description"; Value = "Manufacturer URL"; VariantName = "[No Variations]"
Add component (AddParameter): Name = "ComponentLink1URL"; Value = "http://www.analog.com/en/index.html"; VariantName = "[No Variations]"
Add component (AddParameter): Name = "ComponentLink2Description"; Value = "Datasheet"; VariantName = "[No Variations]"
Add component (AddParameter): Name = "ComponentLink2URL"; Value = "http://www.analog.com/static/imported-files/data_sheets/AD8001.pdf"; VariantName = "[No Variations]"
Add component (AddParameter): Name = "ComponentLink3Description"; Value = "Package Specification"; VariantName = "[No Variations]"
Add component (AddParameter): Name = "ComponentLink3URL"; Value = "http://www.analog.com/static/imported-files/packages/3925655241313314758Q_8.pdf"; VariantName = "[No Variations]"
Add component (AddParameter): Name = "DatasheetVersion"; Value = "Rev. D"; VariantName = "[No Variations]"
Add component (AddParameter): Name = "Generic Part Number"; Value = "AD8001"; VariantName = "[No Variations]"
Add component (AddParameter): Name = "Input Bias Current"; Value = "3uA"; VariantName = "[No Variations]"
Add component (AddParameter): Name = "Input Offset Voltage"; Value = "2mV"; VariantName = "[No Variations]"
Add component (AddParameter): Name = "Iq/Amp"; Value = "5mA"; VariantName = "[No Variations]"
Add component (AddParameter): Name = "Manufacturer"; Value = "Analog Devices"; VariantName = "[No Variations]"
Add component (AddParameter): Name = "Mounting Technology"; Value = "Through Hole"; VariantName = "[No Variations]"
Add component (AddParameter): Name = "PackageDescription"; Value = "8-Pin Ceramic Dual In-Line Package, Row spacing 7.62 mm, Pitch 2.54 mm"; VariantName = "[No Variations]"
Add component (AddParameter): Name = "PackageReference"; Value = "Q-8"; VariantName = "[No Variations]"
Add component (AddParameter): Name = "PartId"; Value = "1"; VariantName = "[No Variations]"
Add component (AddParameter): Name = "PartNumber"; Value = "5962-9459301MPA"; VariantName = "[No Variations]"
Add component (AddParameter): Name = "Slew Rate"; Value = "1KV/us"; VariantName = "[No Variations]"
Add component (AddParameter): Name = "Small Signal Bandwidth"; Value = "880MHz"; VariantName = "[No Variations]"
Add component (AddParameter): Name = "V Span Max"; Value = "12V"; VariantName = "[No Variations]"
Add component (AddParameter): Name = "V Span Min"; Value = "6V"; VariantName = "[No Variations]"
Added Component: Designator=U3(ADI-Q-8)
Add component. Clean all parameters for all variants
Add component (AddParameter): Name = "Amplifiers Per Package"; Value = "1"; VariantName = "[No Variations]"
Add component (AddParameter): Name = "ComponentLink1Description"; Value = "Manufacturer URL"; VariantName = "[No Variations]"
Add component (AddParameter): Name = "ComponentLink1URL"; Value = "http://www.analog.com/en/index.html"; VariantName = "[No Variations]"
Add component (AddParameter): Name = "ComponentLink2Description"; Value = "Datasheet"; VariantName = "[No Variations]"
Add component (AddParameter): Name = "ComponentLink2URL"; Value = "http://www.analog.com/static/imported-files/data_sheets/AD8001.pdf"; VariantName = "[No Variations]"
Add component (AddParameter): Name = "ComponentLink3Description"; Value = "Package Specification"; VariantName = "[No Variations]"
Add component (AddParameter): Name = "ComponentLink3URL"; Value = "http://www.analog.com/static/imported-files/packages/3925655241313314758Q_8.pdf"; VariantName = "[No Variations]"
Add component (AddParameter): Name = "DatasheetVersion"; Value = "Rev. D"; VariantName = "[No Variations]"
Add component (AddParameter): Name = "Generic Part Number"; Value = "AD8001"; VariantName = "[No Variations]"
Add component (AddParameter): Name = "Input Bias Current"; Value = "3uA"; VariantName = "[No Variations]"
Add component (AddParameter): Name = "Input Offset Voltage"; Value = "2mV"; VariantName = "[No Variations]"
Add component (AddParameter): Name = "Iq/Amp"; Value = "5mA"; VariantName = "[No Variations]"
Add component (AddParameter): Name = "Manufacturer"; Value = "Analog Devices"; VariantName = "[No Variations]"
Add component (AddParameter): Name = "Mounting Technology"; Value = "Through Hole"; VariantName = "[No Variations]"
Add component (AddParameter): Name = "PackageDescription"; Value = "8-Pin Ceramic Dual In-Line Package, Row spacing 7.62 mm, Pitch 2.54 mm"; VariantName = "[No Variations]"
Add component (AddParameter): Name = "PackageReference"; Value = "Q-8"; VariantName = "[No Variations]"
Add component (AddParameter): Name = "PartId"; Value = "1"; VariantName = "[No Variations]"
Add component (AddParameter): Name = "PartNumber"; Value = "5962-9459301MPA"; VariantName = "[No Variations]"
Add component (AddParameter): Name = "Slew Rate"; Value = "1KV/us"; VariantName = "[No Variations]"
Add component (AddParameter): Name = "Small Signal Bandwidth"; Value = "880MHz"; VariantName = "[No Variations]"
Add component (AddParameter): Name = "V Span Max"; Value = "12V"; VariantName = "[No Variations]"
Add component (AddParameter): Name = "V Span Min"; Value = "6V"; VariantName = "[No Variations]"
Added Pin To Net: NetName=5V Pin=C3-2
Added Pin To Net: NetName=5V Pin=C4-2
Added Pin To Net: NetName=5V Pin=C6-2
Added Pin To Net: NetName=5V Pin=R1-2
Added Pin To Net: NetName=5V Pin=R7-2
Added Pin To Net: NetName=5V Pin=R8-1
Added Pin To Net: NetName=5V Pin=R9-1
Added Pin To Net: NetName=5V Pin=R10-1
Added Pin To Net: NetName=5V Pin=R11-1
Added Pin To Net: NetName=5V Pin=R13-2
Added Pin To Net: NetName=5V Pin=U1-7
Added Pin To Net: NetName=5V Pin=U2-7
Added Pin To Net: NetName=5V Pin=U3-7
Added Net: Name=5V
Added Pin To Net: NetName=GND Pin=C3-1
Added Pin To Net: NetName=GND Pin=C4-1
Added Pin To Net: NetName=GND Pin=C6-1
Added Pin To Net: NetName=GND Pin=C8-1
Added Pin To Net: NetName=GND Pin=C9-1
Added Pin To Net: NetName=GND Pin=Q1-1
Added Pin To Net: NetName=GND Pin=Q2-1
Added Pin To Net: NetName=GND Pin=Q4-1
Added Pin To Net: NetName=GND Pin=R4-1
Added Pin To Net: NetName=GND Pin=R14-2
Added Pin To Net: NetName=GND Pin=R18-2
Added Pin To Net: NetName=GND Pin=U1-3
Added Pin To Net: NetName=GND Pin=U1-4
Added Pin To Net: NetName=GND Pin=U2-4
Added Pin To Net: NetName=GND Pin=U3-4
Added Net: Name=GND
Added Pin To Net: NetName=NetC1_1 Pin=C1-1
Added Pin To Net: NetName=NetC1_1 Pin=C2-2
Added Pin To Net: NetName=NetC1_1 Pin=R5-2
Added Pin To Net: NetName=NetC1_1 Pin=TP3-1
Added Pin To Net: NetName=NetC1_1 Pin=U1-6
Added Net: Name=NetC1_1
Added Pin To Net: NetName=NetC1_2 Pin=C1-2
Added Pin To Net: NetName=NetC1_2 Pin=R5-1
Added Pin To Net: NetName=NetC1_2 Pin=U1-2
Added Net: Name=NetC1_2
Added Pin To Net: NetName=NetC2_1 Pin=C2-1
Added Pin To Net: NetName=NetC2_1 Pin=R6-1
Added Pin To Net: NetName=NetC2_1 Pin=TP4-1
Added Pin To Net: NetName=NetC2_1 Pin=U2-3
Added Net: Name=NetC2_1
Added Pin To Net: NetName=NetC5_1 Pin=C5-1
Added Pin To Net: NetName=NetC5_1 Pin=Q2-2
Added Pin To Net: NetName=NetC5_1 Pin=R11-2
Added Net: Name=NetC5_1
Added Pin To Net: NetName=NetC5_2 Pin=C5-2
Added Pin To Net: NetName=NetC5_2 Pin=Q4-3
Added Pin To Net: NetName=NetC5_2 Pin=R10-2
Added Net: Name=NetC5_2
Added Pin To Net: NetName=NetC7_1 Pin=C7-1
Added Pin To Net: NetName=NetC7_1 Pin=R19-1
Added Pin To Net: NetName=NetC7_1 Pin=TP9-1
Added Pin To Net: NetName=NetC7_1 Pin=U3-6
Added Net: Name=NetC7_1
Added Pin To Net: NetName=NetC7_2 Pin=C7-2
Added Pin To Net: NetName=NetC7_2 Pin=D4-1
Added Pin To Net: NetName=NetC7_2 Pin=R18-1
Added Net: Name=NetC7_2
Added Pin To Net: NetName=NetC8_2 Pin=C8-2
Added Pin To Net: NetName=NetC8_2 Pin=R1-1
Added Pin To Net: NetName=NetC8_2 Pin=R2-1
Added Pin To Net: NetName=NetC8_2 Pin=R4-2
Added Pin To Net: NetName=NetC8_2 Pin=R6-2
Added Pin To Net: NetName=NetC8_2 Pin=TP1-1
Added Net: Name=NetC8_2
Added Pin To Net: NetName=NetC9_2 Pin=C9-2
Added Pin To Net: NetName=NetC9_2 Pin=R13-1
Added Pin To Net: NetName=NetC9_2 Pin=R14-1
Added Pin To Net: NetName=NetC9_2 Pin=TP7-1
Added Pin To Net: NetName=NetC9_2 Pin=U3-2
Added Net: Name=NetC9_2
Added Pin To Net: NetName=NetD1_1 Pin=R7-1
Added Net: Name=NetD1_1
Added Pin To Net: NetName=NetD3_1 Pin=R8-2
Added Pin To Net: NetName=NetD3_1 Pin=TP5-1
Added Net: Name=NetD3_1
Added Pin To Net: NetName=NetD3_2 Pin=Q1-3
Added Net: Name=NetD3_2
Added Pin To Net: NetName=NetD4_2 Pin=D4-2
Added Pin To Net: NetName=NetD4_2 Pin=R16-1
Added Net: Name=NetD4_2
Added Pin To Net: NetName=NetQ1_2 Pin=Q1-2
Added Pin To Net: NetName=NetQ1_2 Pin=R12-2
Added Pin To Net: NetName=NetQ1_2 Pin=TP6-1
Added Net: Name=NetQ1_2
Added Pin To Net: NetName=NetQ2_3 Pin=Q2-3
Added Pin To Net: NetName=NetQ2_3 Pin=R9-2
Added Pin To Net: NetName=NetQ2_3 Pin=R12-1
Added Pin To Net: NetName=NetQ2_3 Pin=R15-2
Added Net: Name=NetQ2_3
Added Pin To Net: NetName=NetQ4_2 Pin=Q4-2
Added Pin To Net: NetName=NetQ4_2 Pin=R15-1
Added Pin To Net: NetName=NetQ4_2 Pin=R16-2
Added Pin To Net: NetName=NetQ4_2 Pin=TP8-1
Added Net: Name=NetQ4_2
Added Pin To Net: NetName=NetR2_2 Pin=R2-2
Added Pin To Net: NetName=NetR2_2 Pin=R3-1
Added Pin To Net: NetName=NetR2_2 Pin=U2-2
Added Net: Name=NetR2_2
Added Pin To Net: NetName=NetR3_2 Pin=R3-2
Added Pin To Net: NetName=NetR3_2 Pin=R17-2
Added Pin To Net: NetName=NetR3_2 Pin=TP2-1
Added Pin To Net: NetName=NetR3_2 Pin=U2-6
Added Net: Name=NetR3_2
Added Pin To Net: NetName=NetR17_1 Pin=R17-1
Added Pin To Net: NetName=NetR17_1 Pin=R19-2
Added Pin To Net: NetName=NetR17_1 Pin=U3-3
Added Net: Name=NetR17_1
Added Class: Name=Sheet1
Added Class: Name=Sheet2
